  [1m[36m (1.6ms)[0m  [1mCREATE TABLE "schema_migrations" ("version" varchar NOT NULL) [0m
  [1m[35m (0.4ms)[0m  select sqlite_version(*)
  [1m[36m (1.4ms)[0m  [1mCREATE UNIQUE INDEX "unique_schema_migrations" ON "schema_migrations" ("version")[0m
  [1m[35mActiveRecord::SchemaMigration Load (0.2ms)[0m  SELECT "schema_migrations".* FROM "schema_migrations"
Migrating to CreateItems (20151128215448)
  [1m[36m (0.1ms)[0m  [1mbegin transaction[0m
  [1m[35m (0.7ms)[0m  CREATE TABLE "items" ("id" INTEGER PRIMARY KEY AUTOINCREMENT NOT NULL, "title" varchar, "summary" varchar, "price" float, "location" varchar, "created_at" datetime NOT NULL, "updated_at" datetime NOT NULL) 
  [1m[36mSQL (0.2ms)[0m  [1mINSERT INTO "schema_migrations" ("version") VALUES (?)[0m  [["version", "20151128215448"]]
  [1m[35m (1.0ms)[0m  commit transaction
Migrating to CreateComments (20151128215621)
  [1m[36m (0.1ms)[0m  [1mbegin transaction[0m
  [1m[35m (0.5ms)[0m  CREATE TABLE "comments" ("id" INTEGER PRIMARY KEY AUTOINCREMENT NOT NULL, "contents" varchar, "time" datetime, "item_id" integer, "created_at" datetime NOT NULL, "updated_at" datetime NOT NULL) 
  [1m[36m (0.2ms)[0m  [1mCREATE  INDEX "index_comments_on_item_id" ON "comments" ("item_id")[0m
  [1m[35mSQL (0.2ms)[0m  INSERT INTO "schema_migrations" ("version") VALUES (?)  [["version", "20151128215621"]]
  [1m[36m (2.9ms)[0m  [1mcommit transaction[0m
  [1m[35mActiveRecord::SchemaMigration Load (0.2ms)[0m  SELECT "schema_migrations".* FROM "schema_migrations"
  [1m[36m (0.2ms)[0m  [1m            SELECT sql
            FROM sqlite_master
            WHERE name='index_comments_on_item_id' AND type='index'
            UNION ALL
            SELECT sql
            FROM sqlite_temp_master
            WHERE name='index_comments_on_item_id' AND type='index'
[0m
  [1m[36m (0.1ms)[0m  [1mbegin transaction[0m
  [1m[35mSQL (1.7ms)[0m  INSERT INTO "items" ("title", "summary", "price", "location", "created_at", "updated_at") VALUES (?, ?, ?, ?, ?, ?)  [["title", "Ugly couch"], ["summary", "A couch"], ["price", 100.0], ["location", "Unit 1"], ["created_at", "2015-11-28 22:03:21.024007"], ["updated_at", "2015-11-28 22:03:21.024007"]]
  [1m[36m (0.8ms)[0m  [1mcommit transaction[0m
  [1m[35m (0.1ms)[0m  begin transaction
  [1m[36mSQL (2.2ms)[0m  [1mINSERT INTO "comments" ("contents", "item_id", "created_at", "updated_at") VALUES (?, ?, ?, ?)[0m  [["contents", "This is hideous!"], ["item_id", 1], ["created_at", "2015-11-28 22:04:28.485645"], ["updated_at", "2015-11-28 22:04:28.485645"]]
  [1m[35m (3.1ms)[0m  commit transaction
  [1m[36mActiveRecord::SchemaMigration Load (0.1ms)[0m  [1mSELECT "schema_migrations".* FROM "schema_migrations"[0m
  [1m[35m (0.1ms)[0m  begin transaction
  [1m[36mSQL (0.4ms)[0m  [1mINSERT INTO "items" ("title", "summary", "price", "location", "created_at", "updated_at") VALUES (?, ?, ?, ?, ?, ?)[0m  [["title", "Ugly couch"], ["summary", "A couch"], ["price", 100.0], ["location", "Unit 1"], ["created_at", "2015-11-28 22:07:52.058177"], ["updated_at", "2015-11-28 22:07:52.058177"]]
  [1m[35m (0.8ms)[0m  commit transaction
  [1m[36m (0.0ms)[0m  [1mbegin transaction[0m
  [1m[35mSQL (0.3ms)[0m  INSERT INTO "items" ("title", "summary", "price", "location", "created_at", "updated_at") VALUES (?, ?, ?, ?, ?, ?)  [["title", "Umbrella"], ["summary", "No more rain"], ["price", 10.25], ["location", "Unit 3"], ["created_at", "2015-11-28 22:07:52.063008"], ["updated_at", "2015-11-28 22:07:52.063008"]]
  [1m[36m (0.8ms)[0m  [1mcommit transaction[0m
  [1m[35m (0.1ms)[0m  begin transaction
  [1m[36mSQL (0.3ms)[0m  [1mINSERT INTO "items" ("title", "summary", "price", "location", "created_at", "updated_at") VALUES (?, ?, ?, ?, ?, ?)[0m  [["title", "Old phone"], ["summary", "A phone"], ["price", 999.99], ["location", "Foothill"], ["created_at", "2015-11-28 22:07:52.065734"], ["updated_at", "2015-11-28 22:07:52.065734"]]
  [1m[35m (0.8ms)[0m  commit transaction
  [1m[36m (0.1ms)[0m  [1mbegin transaction[0m
  [1m[35mSQL (0.6ms)[0m  INSERT INTO "comments" ("contents", "item_id", "created_at", "updated_at") VALUES (?, ?, ?, ?)  [["contents", "This is hideous!"], ["item_id", 2], ["created_at", "2015-11-28 22:07:52.092269"], ["updated_at", "2015-11-28 22:07:52.092269"]]
  [1m[36m (1.1ms)[0m  [1mcommit transaction[0m
  [1m[35m (0.1ms)[0m  begin transaction
  [1m[36mSQL (0.4ms)[0m  [1mINSERT INTO "comments" ("contents", "item_id", "created_at", "updated_at") VALUES (?, ?, ?, ?)[0m  [["contents", "Wow that's old"], ["item_id", 4], ["created_at", "2015-11-28 22:07:52.097378"], ["updated_at", "2015-11-28 22:07:52.097378"]]
  [1m[35m (1.0ms)[0m  commit transaction
  [1m[36m (0.1ms)[0m  [1mbegin transaction[0m
  [1m[35mSQL (0.3ms)[0m  INSERT INTO "comments" ("contents", "item_id", "created_at", "updated_at") VALUES (?, ?, ?, ?)  [["contents", "Doesn't even work"], ["item_id", 4], ["created_at", "2015-11-28 22:07:52.100641"], ["updated_at", "2015-11-28 22:07:52.100641"]]
  [1m[36m (2.0ms)[0m  [1mcommit transaction[0m
  [1m[35m (0.1ms)[0m  begin transaction
  [1m[36mSQL (0.3ms)[0m  [1mINSERT INTO "comments" ("contents", "item_id", "created_at", "updated_at") VALUES (?, ?, ?, ?)[0m  [["contents", "Has a hole in it"], ["item_id", 3], ["created_at", "2015-11-28 22:07:52.104703"], ["updated_at", "2015-11-28 22:07:52.104703"]]
  [1m[35m (0.7ms)[0m  commit transaction
  [1m[36mActiveRecord::SchemaMigration Load (0.1ms)[0m  [1mSELECT "schema_migrations".* FROM "schema_migrations"[0m
  [1m[35mActiveRecord::SchemaMigration Load (0.1ms)[0m  SELECT "schema_migrations".* FROM "schema_migrations"
  [1m[36m (0.1ms)[0m  [1m            SELECT sql
            FROM sqlite_master
            WHERE name='index_comments_on_item_id' AND type='index'
            UNION ALL
            SELECT sql
            FROM sqlite_temp_master
            WHERE name='index_comments_on_item_id' AND type='index'
[0m
